Crashlog created at 2019-07-18 11:23:03 -0400

===== MESSAGE:

NameError: undefined local variable or method `zippedbadge' for #<Nanoc::Core::Context:0x00005609277cb6a0>
Did you mean?  zipbadge

===== ITEM BEING COMPILED:

Current item: /content/lectures/part1/10_whattodo.md.erb (:default representation)

===== STACK TRACE:

  0. /home/pitosalas/.rbenv/versions/2.6.3/lib/ruby/gems/2.6.0/gems/nanoc-core-4.11.6/lib/nanoc/core/context.rb:47:in `method_missing'
  1. item /content/lectures/part1/10_whattodo.md.erb (rep default):6:in `get_binding'
  2. /home/pitosalas/.rbenv/versions/2.6.3/lib/ruby/2.6.0/erb.rb:901:in `eval'
  3. /home/pitosalas/.rbenv/versions/2.6.3/lib/ruby/2.6.0/erb.rb:901:in `result'
  4. /home/pitosalas/.rbenv/versions/2.6.3/lib/ruby/gems/2.6.0/gems/nanoc-4.11.6/lib/nanoc/filters/erb.rb:36:in `run'
  5. /home/pitosalas/.rbenv/versions/2.6.3/lib/ruby/gems/2.6.0/gems/nanoc-4.11.6/lib/nanoc/base/services/filter.rb:187:in `setup_and_run'
  6. /home/pitosalas/.rbenv/versions/2.6.3/lib/ruby/gems/2.6.0/gems/nanoc-4.11.6/lib/nanoc/base/services/executor.rb:22:in `filter'
  7. /home/pitosalas/.rbenv/versions/2.6.3/lib/ruby/gems/2.6.0/gems/nanoc-4.11.6/lib/nanoc/base/services/compiler/phases/recalculate.rb:33:in `block in run'
  8. /home/pitosalas/.rbenv/versions/2.6.3/lib/ruby/gems/2.6.0/gems/nanoc-core-4.11.6/lib/nanoc/core/action_sequence.rb:49:in `block in each'
  9. /home/pitosalas/.rbenv/versions/2.6.3/lib/ruby/gems/2.6.0/gems/nanoc-core-4.11.6/lib/nanoc/core/action_sequence.rb:49:in `each'
  10. /home/pitosalas/.rbenv/versions/2.6.3/lib/ruby/gems/2.6.0/gems/nanoc-core-4.11.6/lib/nanoc/core/action_sequence.rb:49:in `each'
  11. /home/pitosalas/.rbenv/versions/2.6.3/lib/ruby/gems/2.6.0/gems/nanoc-4.11.6/lib/nanoc/base/services/compiler/phases/recalculate.rb:30:in `run'
  12. /home/pitosalas/.rbenv/versions/2.6.3/lib/ruby/gems/2.6.0/gems/nanoc-4.11.6/lib/nanoc/base/services/compiler/phases/abstract.rb:24:in `call'
  13. /home/pitosalas/.rbenv/versions/2.6.3/lib/ruby/gems/2.6.0/gems/nanoc-4.11.6/lib/nanoc/base/services/compiler/phases/abstract.rb:26:in `block in call'
  14. /home/pitosalas/.rbenv/versions/2.6.3/lib/ruby/gems/2.6.0/gems/nanoc-4.11.6/lib/nanoc/base/services/compiler/phases/cache.rb:26:in `run'
  15. /home/pitosalas/.rbenv/versions/2.6.3/lib/ruby/gems/2.6.0/gems/nanoc-4.11.6/lib/nanoc/base/services/compiler/phases/abstract.rb:24:in `call'
  16. /home/pitosalas/.rbenv/versions/2.6.3/lib/ruby/gems/2.6.0/gems/nanoc-4.11.6/lib/nanoc/base/services/compiler/phases/abstract.rb:26:in `block in call'
  17. /home/pitosalas/.rbenv/versions/2.6.3/lib/ruby/gems/2.6.0/gems/nanoc-4.11.6/lib/nanoc/base/services/compiler/phases/resume.rb:15:in `block in run'

===== VERSION INFORMATION:

Nanoc 4.11.6 © 2007–2019 Denis Defreyne.
Running ruby 2.6.3 (2019-04-16) on x86_64-linux with RubyGems 3.0.3.

===== SYSTEM INFORMATION:

Linux u 4.18.0-25-generic #26~18.04.1-Ubuntu SMP Thu Jun 27 07:28:31 UTC 2019 x86_64 x86_64 x86_64 GNU/Linux

===== INSTALLED GEMS:

  activesupport 5.2.3
  addressable 2.6.0
  adsf 1.4.2
  bigdecimal 1.4.1
  bundler 1.17.2
  byebug 11.0.1
  cmath 1.0.0
  coderay 1.1.2
  colored 1.2
  concurrent-ruby 1.1.5
  coursegen 0.7.4, 0.7.5
  cri 2.15.9
  csv 3.0.9
  date 2.0.0
  ddmemoize 1.0.0
  ddmetrics 1.0.1
  ddplugin 1.0.2
  did_you_mean 1.3.0
  diff-lcs 1.3
  e2mmap 0.1.0
  equatable 0.6.1
  etc 1.0.1
  fcntl 1.0.0
  ffi 1.11.1
  fiddle 1.0.0
  fileutils 1.1.0
  formatador 0.2.5
  forwardable 1.2.0
  gdbm 2.0.0
  guard 2.15.0
  guard-compat 1.2.1
  guard-shell 0.7.1
  hamster 3.0.0
  i18n 1.6.0
  icalendar 2.5.3
  ice_cube 0.16.3
  io-console 0.4.7
  ipaddr 1.2.2
  irb 1.0.0
  json 2.1.0
  json_schema 0.20.6
  kramdown 2.1.0
  listen 3.1.5
  logger 1.3.0
  lumberjack 1.0.13
  matrix 0.1.0
  method_source 0.9.2
  mini_portile2 2.4.0
  minitest 5.11.3
  mutex_m 0.1.0
  nanoc 4.11.6
  nanoc-core 4.11.6
  necromancer 0.5.0
  nenv 0.3.0
  net-telnet 0.2.0
  nokogiri 1.10.3
  notiffany 0.1.1
  openssl 2.1.2
  ostruct 0.1.0
  parallel 1.17.0
  pastel 0.7.3
  power_assert 1.1.3
  prime 0.1.0
  pry 0.12.2
  psych 3.1.0
  public_suffix 3.1.1
  rack 2.0.7
  rake 12.3.2
  rb-fsevent 0.10.3
  rb-inotify 0.10.0
  rdoc 6.1.0
  ref 2.0.0
  rexml 3.1.9
  rss 0.2.7
  ruby_dep 1.5.0
  rubytree 1.0.0
  scanf 1.0.0
  sdbm 1.0.0
  shell 0.7
  shellany 0.0.1
  slow_enumerator_tools 1.1.0
  stringio 0.0.2
  strscan 1.0.0
  structured_warnings 0.3.0
  sync 0.5.0
  test-unit 3.2.9
  thor 0.20.3
  thread_safe 0.3.6
  thwait 0.1.0
  tomlrb 1.2.8
  tracer 0.1.0
  tty-color 0.5.0
  tty-command 0.8.2
  tty-cursor 0.7.0
  tty-file 0.7.1
  tty-platform 0.2.1
  tty-prompt 0.19.0
  tty-reader 0.6.0
  tty-screen 0.7.0
  tty-which 0.4.1
  tzinfo 1.2.5
  webrick 1.4.2
  wisper 2.0.0
  xmlrpc 0.3.0
  zeitwerk 2.1.8
  zlib 1.0.0

===== LOAD PATHS:

  0. /home/pitosalas/.rbenv/versions/2.6.3/lib/ruby/gems/2.6.0/gems/ref-2.0.0/lib
  1. /home/pitosalas/.rbenv/rbenv.d/exec/gem-rehash
  2. /home/pitosalas/.rbenv/versions/2.6.3/lib/ruby/gems/2.6.0/gems/did_you_mean-1.3.0/lib
  3. /home/pitosalas/.rbenv/versions/2.6.3/lib/ruby/gems/2.6.0/gems/public_suffix-3.1.1/lib
  4. /home/pitosalas/.rbenv/versions/2.6.3/lib/ruby/gems/2.6.0/gems/addressable-2.6.0/lib
  5. /home/pitosalas/.rbenv/versions/2.6.3/lib/ruby/gems/2.6.0/gems/colored-1.2/lib
  6. /home/pitosalas/.rbenv/versions/2.6.3/lib/ruby/gems/2.6.0/gems/cri-2.15.9/lib
  7. /home/pitosalas/.rbenv/versions/2.6.3/lib/ruby/gems/2.6.0/gems/ddmetrics-1.0.1/lib
  8. /home/pitosalas/.rbenv/versions/2.6.3/lib/ruby/gems/2.6.0/gems/ref-2.0.0/lib
  9. /home/pitosalas/.rbenv/versions/2.6.3/lib/ruby/gems/2.6.0/gems/ddmemoize-1.0.0/lib
  10. /home/pitosalas/.rbenv/versions/2.6.3/lib/ruby/gems/2.6.0/gems/ddplugin-1.0.2/lib
  11. /home/pitosalas/.rbenv/versions/2.6.3/lib/ruby/gems/2.6.0/gems/concurrent-ruby-1.1.5/lib
  12. /home/pitosalas/.rbenv/versions/2.6.3/lib/ruby/gems/2.6.0/gems/hamster-3.0.0/lib
  13. /home/pitosalas/.rbenv/versions/2.6.3/lib/ruby/gems/2.6.0/gems/json_schema-0.20.6/lib
  14. /home/pitosalas/.rbenv/versions/2.6.3/lib/ruby/gems/2.6.0/gems/slow_enumerator_tools-1.1.0/lib
  15. /home/pitosalas/.rbenv/versions/2.6.3/lib/ruby/gems/2.6.0/gems/zeitwerk-2.1.8/lib
  16. /home/pitosalas/.rbenv/versions/2.6.3/lib/ruby/gems/2.6.0/gems/nanoc-core-4.11.6/lib
  17. /home/pitosalas/.rbenv/versions/2.6.3/lib/ruby/gems/2.6.0/gems/parallel-1.17.0/lib
  18. /home/pitosalas/.rbenv/versions/2.6.3/lib/ruby/gems/2.6.0/gems/tomlrb-1.2.8/lib
  19. /home/pitosalas/.rbenv/versions/2.6.3/lib/ruby/gems/2.6.0/gems/equatable-0.6.1/lib
  20. /home/pitosalas/.rbenv/versions/2.6.3/lib/ruby/gems/2.6.0/gems/tty-color-0.5.0/lib
  21. /home/pitosalas/.rbenv/versions/2.6.3/lib/ruby/gems/2.6.0/gems/pastel-0.7.3/lib
  22. /home/pitosalas/.rbenv/versions/2.6.3/lib/ruby/gems/2.6.0/gems/tty-command-0.8.2/lib
  23. /home/pitosalas/.rbenv/versions/2.6.3/lib/ruby/gems/2.6.0/gems/necromancer-0.5.0/lib
  24. /home/pitosalas/.rbenv/versions/2.6.3/lib/ruby/gems/2.6.0/gems/wisper-2.0.0/lib
  25. /home/pitosalas/.rbenv/versions/2.6.3/lib/ruby/gems/2.6.0/gems/tty-screen-0.7.0/lib
  26. /home/pitosalas/.rbenv/versions/2.6.3/lib/ruby/gems/2.6.0/gems/tty-cursor-0.7.0/lib
  27. /home/pitosalas/.rbenv/versions/2.6.3/lib/ruby/gems/2.6.0/gems/tty-reader-0.6.0/lib
  28. /home/pitosalas/.rbenv/versions/2.6.3/lib/ruby/gems/2.6.0/gems/tty-prompt-0.19.0/lib
  29. /home/pitosalas/.rbenv/versions/2.6.3/lib/ruby/gems/2.6.0/gems/diff-lcs-1.3/lib
  30. /home/pitosalas/.rbenv/versions/2.6.3/lib/ruby/gems/2.6.0/gems/tty-file-0.7.1/lib
  31. /home/pitosalas/.rbenv/versions/2.6.3/lib/ruby/gems/2.6.0/gems/tty-platform-0.2.1/lib
  32. /home/pitosalas/.rbenv/versions/2.6.3/lib/ruby/gems/2.6.0/gems/tty-which-0.4.1/lib
  33. /home/pitosalas/.rbenv/versions/2.6.3/lib/ruby/gems/2.6.0/gems/nanoc-4.11.6/lib
  34. /home/pitosalas/.rbenv/versions/2.6.3/lib/ruby/gems/2.6.0/gems/thor-0.20.3/lib
  35. /home/pitosalas/.rbenv/versions/2.6.3/lib/ruby/gems/2.6.0/gems/structured_warnings-0.3.0/lib
  36. /home/pitosalas/.rbenv/versions/2.6.3/lib/ruby/gems/2.6.0/gems/rubytree-1.0.0/lib
  37. /home/pitosalas/.rbenv/versions/2.6.3/lib/ruby/gems/2.6.0/gems/mini_portile2-2.4.0/lib
  38. /home/pitosalas/.rbenv/versions/2.6.3/lib/ruby/gems/2.6.0/gems/nokogiri-1.10.3/lib
  39. /home/pitosalas/.rbenv/versions/2.6.3/lib/ruby/gems/2.6.0/extensions/x86_64-linux/2.6.0-static/nokogiri-1.10.3
  40. /home/pitosalas/.rbenv/versions/2.6.3/lib/ruby/gems/2.6.0/gems/i18n-1.6.0/lib
  41. /home/pitosalas/.rbenv/versions/2.6.3/lib/ruby/gems/2.6.0/gems/thread_safe-0.3.6/lib
  42. /home/pitosalas/.rbenv/versions/2.6.3/lib/ruby/gems/2.6.0/gems/tzinfo-1.2.5/lib
  43. /home/pitosalas/.rbenv/versions/2.6.3/lib/ruby/gems/2.6.0/gems/minitest-5.11.3/lib
  44. /home/pitosalas/.rbenv/versions/2.6.3/lib/ruby/gems/2.6.0/gems/activesupport-5.2.3/lib
  45. /home/pitosalas/.rbenv/versions/2.6.3/lib/ruby/gems/2.6.0/gems/kramdown-2.1.0/lib
  46. /home/pitosalas/.rbenv/versions/2.6.3/lib/ruby/gems/2.6.0/gems/rack-2.0.7/lib
  47. /home/pitosalas/.rbenv/versions/2.6.3/lib/ruby/gems/2.6.0/gems/adsf-1.4.2/lib
  48. /home/pitosalas/.rbenv/versions/2.6.3/lib/ruby/gems/2.6.0/gems/rb-fsevent-0.10.3/lib
  49. /home/pitosalas/.rbenv/versions/2.6.3/lib/ruby/gems/2.6.0/gems/ffi-1.11.1/lib
  50. /home/pitosalas/.rbenv/versions/2.6.3/lib/ruby/gems/2.6.0/extensions/x86_64-linux/2.6.0-static/ffi-1.11.1
  51. /home/pitosalas/.rbenv/versions/2.6.3/lib/ruby/gems/2.6.0/gems/rb-inotify-0.10.0/lib
  52. /home/pitosalas/.rbenv/versions/2.6.3/lib/ruby/gems/2.6.0/gems/ruby_dep-1.5.0/lib
  53. /home/pitosalas/.rbenv/versions/2.6.3/lib/ruby/gems/2.6.0/gems/listen-3.1.5/lib
  54. /home/pitosalas/.rbenv/versions/2.6.3/lib/ruby/gems/2.6.0/gems/coderay-1.1.2/lib
  55. /home/pitosalas/.rbenv/versions/2.6.3/lib/ruby/gems/2.6.0/gems/method_source-0.9.2/lib
  56. /home/pitosalas/.rbenv/versions/2.6.3/lib/ruby/gems/2.6.0/gems/pry-0.12.2/lib
  57. /home/pitosalas/.rbenv/versions/2.6.3/lib/ruby/gems/2.6.0/gems/lumberjack-1.0.13/lib
  58. /home/pitosalas/.rbenv/versions/2.6.3/lib/ruby/gems/2.6.0/gems/formatador-0.2.5/lib
  59. /home/pitosalas/.rbenv/versions/2.6.3/lib/ruby/gems/2.6.0/gems/nenv-0.3.0/lib
  60. /home/pitosalas/.rbenv/versions/2.6.3/lib/ruby/gems/2.6.0/gems/shellany-0.0.1/lib
  61. /home/pitosalas/.rbenv/versions/2.6.3/lib/ruby/gems/2.6.0/gems/notiffany-0.1.1/lib
  62. /home/pitosalas/.rbenv/versions/2.6.3/lib/ruby/gems/2.6.0/gems/guard-2.15.0/lib
  63. /home/pitosalas/.rbenv/versions/2.6.3/lib/ruby/gems/2.6.0/gems/guard-compat-1.2.1/lib
  64. /home/pitosalas/.rbenv/versions/2.6.3/lib/ruby/gems/2.6.0/gems/guard-shell-0.7.1/lib
  65. /home/pitosalas/.rbenv/versions/2.6.3/lib/ruby/gems/2.6.0/gems/ice_cube-0.16.3/lib
  66. /home/pitosalas/.rbenv/versions/2.6.3/lib/ruby/gems/2.6.0/gems/icalendar-2.5.3/lib
  67. /home/pitosalas/.rbenv/versions/2.6.3/lib/ruby/gems/2.6.0/gems/byebug-11.0.1/lib
  68. /home/pitosalas/.rbenv/versions/2.6.3/lib/ruby/gems/2.6.0/extensions/x86_64-linux/2.6.0-static/byebug-11.0.1
  69. /home/pitosalas/.rbenv/versions/2.6.3/lib/ruby/gems/2.6.0/gems/coursegen-0.7.5/lib
  70. /home/pitosalas/.rbenv/versions/2.6.3/lib/ruby/site_ruby/2.6.0
  71. /home/pitosalas/.rbenv/versions/2.6.3/lib/ruby/site_ruby/2.6.0/x86_64-linux
  72. /home/pitosalas/.rbenv/versions/2.6.3/lib/ruby/site_ruby
  73. /home/pitosalas/.rbenv/versions/2.6.3/lib/ruby/vendor_ruby/2.6.0
  74. /home/pitosalas/.rbenv/versions/2.6.3/lib/ruby/vendor_ruby/2.6.0/x86_64-linux
  75. /home/pitosalas/.rbenv/versions/2.6.3/lib/ruby/vendor_ruby
  76. /home/pitosalas/.rbenv/versions/2.6.3/lib/ruby/2.6.0
  77. /home/pitosalas/.rbenv/versions/2.6.3/lib/ruby/2.6.0/x86_64-linux
